  App.cpp
F:\Game Engine Dev with C++\PantherEngine\PantherEngine\src\Engine\ScreenList.h(49,34): warning C4251:  'BookEngine::ScreenList::m_screens': class 'std::vector<BookEngine::IScreen *,std::allocator<_Ty>>' precisa ter dll-interface para ser usado por clientes de class 'BookEngine::ScreenList'
F:\Game Engine Dev with C++\PantherEngine\PantherEngine\src\Engine\ScreenList.h(49,34): warning C4251:         with
F:\Game Engine Dev with C++\PantherEngine\PantherEngine\src\Engine\ScreenList.h(49,34): warning C4251:         [
F:\Game Engine Dev with C++\PantherEngine\PantherEngine\src\Engine\ScreenList.h(49,34): warning C4251:             _Ty=BookEngine::IScreen *
F:\Game Engine Dev with C++\PantherEngine\PantherEngine\src\Engine\ScreenList.h(49,34): warning C4251:         ]
F:\Game Engine Dev with C++\PantherEngine\PantherEngine\src\Engine\ScreenList.h(49): message :  consulte a declaração de 'std::vector<BookEngine::IScreen *,std::allocator<_Ty>>'
F:\Game Engine Dev with C++\PantherEngine\PantherEngine\src\Engine\ScreenList.h(49): message :         with
F:\Game Engine Dev with C++\PantherEngine\PantherEngine\src\Engine\ScreenList.h(49): message :         [
F:\Game Engine Dev with C++\PantherEngine\PantherEngine\src\Engine\ScreenList.h(49): message :             _Ty=BookEngine::IScreen *
F:\Game Engine Dev with C++\PantherEngine\PantherEngine\src\Engine\ScreenList.h(49): message :         ]
F:\Game Engine Dev with C++\PantherEngine\PantherEngine\src\Engine\IGame.h(64,53): warning C4251:  'BookEngine::IGame::m_screenList': class 'std::unique_ptr<BookEngine::ScreenList,std::default_delete<_Ty>>' precisa ter dll-interface para ser usado por clientes de class 'BookEngine::IGame'
F:\Game Engine Dev with C++\PantherEngine\PantherEngine\src\Engine\IGame.h(64,53): warning C4251:         with
F:\Game Engine Dev with C++\PantherEngine\PantherEngine\src\Engine\IGame.h(64,53): warning C4251:         [
F:\Game Engine Dev with C++\PantherEngine\PantherEngine\src\Engine\IGame.h(64,53): warning C4251:             _Ty=BookEngine::ScreenList
F:\Game Engine Dev with C++\PantherEngine\PantherEngine\src\Engine\IGame.h(64,53): warning C4251:         ]
F:\Game Engine Dev with C++\PantherEngine\PantherEngine\src\Engine\IGame.h(64): message :  consulte a declaração de 'std::unique_ptr<BookEngine::ScreenList,std::default_delete<_Ty>>'
F:\Game Engine Dev with C++\PantherEngine\PantherEngine\src\Engine\IGame.h(64): message :         with
F:\Game Engine Dev with C++\PantherEngine\PantherEngine\src\Engine\IGame.h(64): message :         [
F:\Game Engine Dev with C++\PantherEngine\PantherEngine\src\Engine\IGame.h(64): message :             _Ty=BookEngine::ScreenList
F:\Game Engine Dev with C++\PantherEngine\PantherEngine\src\Engine\IGame.h(64): message :         ]
F:\Game Engine Dev with C++\PantherEngine\PantherEngine\src\Engine\IGame.h(66,18): warning C4251:  'BookEngine::IGame::m_window': class 'BookEngine::Window' precisa ter dll-interface para ser usado por clientes de class 'BookEngine::IGame'
F:\Game Engine Dev with C++\PantherEngine\PantherEngine\src\Engine\Window.h(36): message :  consulte a declaração de 'BookEngine::Window'
F:\Game Engine Dev with C++\PantherEngine\PantherEngine\src\Engine\IGame.h(67,30): warning C4251:  'BookEngine::IGame::m_inputManager': class 'BookEngine::InputManager' precisa ter dll-interface para ser usado por clientes de class 'BookEngine::IGame'
F:\Game Engine Dev with C++\PantherEngine\PantherEngine\src\Engine\InputManager.h(31): message :  consulte a declaração de 'BookEngine::InputManager'
F:\Game Engine Dev with C++\PantherEngine\PantherEngine\src\Engine\AudioManager.h(43,49): warning C4251:  'BookEngine::AudioManager::m_effectList': class 'std::map<std::string,Mix_Chunk *,std::less<_Kty>,std::allocator<std::pair<const _Kty,_Ty>>>' precisa ter dll-interface para ser usado por clientes de class 'BookEngine::AudioManager'
F:\Game Engine Dev with C++\PantherEngine\PantherEngine\src\Engine\AudioManager.h(43,49): warning C4251:         with
F:\Game Engine Dev with C++\PantherEngine\PantherEngine\src\Engine\AudioManager.h(43,49): warning C4251:         [
F:\Game Engine Dev with C++\PantherEngine\PantherEngine\src\Engine\AudioManager.h(43,49): warning C4251:             _Kty=std::string,
F:\Game Engine Dev with C++\PantherEngine\PantherEngine\src\Engine\AudioManager.h(43,49): warning C4251:             _Ty=Mix_Chunk *
F:\Game Engine Dev with C++\PantherEngine\PantherEngine\src\Engine\AudioManager.h(43,49): warning C4251:         ]
F:\Game Engine Dev with C++\PantherEngine\PantherEngine\src\Engine\AudioManager.h(43): message :  consulte a declaração de 'std::map<std::string,Mix_Chunk *,std::less<_Kty>,std::allocator<std::pair<const _Kty,_Ty>>>'
F:\Game Engine Dev with C++\PantherEngine\PantherEngine\src\Engine\AudioManager.h(43): message :         with
F:\Game Engine Dev with C++\PantherEngine\PantherEngine\src\Engine\AudioManager.h(43): message :         [
F:\Game Engine Dev with C++\PantherEngine\PantherEngine\src\Engine\AudioManager.h(43): message :             _Kty=std::string,
F:\Game Engine Dev with C++\PantherEngine\PantherEngine\src\Engine\AudioManager.h(43): message :             _Ty=Mix_Chunk *
F:\Game Engine Dev with C++\PantherEngine\PantherEngine\src\Engine\AudioManager.h(43): message :         ]
F:\Game Engine Dev with C++\PantherEngine\PantherEngine\src\Engine\AudioManager.h(44,48): warning C4251:  'BookEngine::AudioManager::m_musicList': class 'std::map<std::string,Mix_Music *,std::less<_Kty>,std::allocator<std::pair<const _Kty,_Ty>>>' precisa ter dll-interface para ser usado por clientes de class 'BookEngine::AudioManager'
F:\Game Engine Dev with C++\PantherEngine\PantherEngine\src\Engine\AudioManager.h(44,48): warning C4251:         with
F:\Game Engine Dev with C++\PantherEngine\PantherEngine\src\Engine\AudioManager.h(44,48): warning C4251:         [
F:\Game Engine Dev with C++\PantherEngine\PantherEngine\src\Engine\AudioManager.h(44,48): warning C4251:             _Kty=std::string,
F:\Game Engine Dev with C++\PantherEngine\PantherEngine\src\Engine\AudioManager.h(44,48): warning C4251:             _Ty=Mix_Music *
F:\Game Engine Dev with C++\PantherEngine\PantherEngine\src\Engine\AudioManager.h(44,48): warning C4251:         ]
  GameplayScreen.cpp
F:\Game Engine Dev with C++\PantherEngine\PantherEngine\src\Engine\AudioManager.h(44): message :  consulte a declaração de 'std::map<std::string,Mix_Music *,std::less<_Kty>,std::allocator<std::pair<const _Kty,_Ty>>>'
F:\Game Engine Dev with C++\PantherEngine\PantherEngine\src\Engine\AudioManager.h(44): message :         with
F:\Game Engine Dev with C++\PantherEngine\PantherEngine\src\Engine\AudioManager.h(44): message :         [
F:\Game Engine Dev with C++\PantherEngine\PantherEngine\src\Engine\AudioManager.h(44): message :             _Kty=std::string,
F:\Game Engine Dev with C++\PantherEngine\PantherEngine\src\Engine\AudioManager.h(44): message :             _Ty=Mix_Music *
F:\Game Engine Dev with C++\PantherEngine\PantherEngine\src\Engine\AudioManager.h(44): message :         ]
F:\Game Engine Dev with C++\PantherEngine\PantherEngine\src\Engine\ScreenList.h(49,34): warning C4251:  'BookEngine::ScreenList::m_screens': class 'std::vector<BookEngine::IScreen *,std::allocator<_Ty>>' precisa ter dll-interface para ser usado por clientes de class 'BookEngine::ScreenList'
F:\Game Engine Dev with C++\PantherEngine\PantherEngine\src\Engine\ScreenList.h(49,34): warning C4251:         with
F:\Game Engine Dev with C++\PantherEngine\PantherEngine\src\Engine\ScreenList.h(49,34): warning C4251:         [
F:\Game Engine Dev with C++\PantherEngine\PantherEngine\src\Engine\ScreenList.h(49,34): warning C4251:             _Ty=BookEngine::IScreen *
F:\Game Engine Dev with C++\PantherEngine\PantherEngine\src\Engine\ScreenList.h(49,34): warning C4251:         ]
F:\Game Engine Dev with C++\PantherEngine\PantherEngine\src\Engine\ScreenList.h(49): message :  consulte a declaração de 'std::vector<BookEngine::IScreen *,std::allocator<_Ty>>'
F:\Game Engine Dev with C++\PantherEngine\PantherEngine\src\Engine\ScreenList.h(49): message :         with
F:\Game Engine Dev with C++\PantherEngine\PantherEngine\src\Engine\ScreenList.h(49): message :         [
F:\Game Engine Dev with C++\PantherEngine\PantherEngine\src\Engine\ScreenList.h(49): message :             _Ty=BookEngine::IScreen *
F:\Game Engine Dev with C++\PantherEngine\PantherEngine\src\Engine\ScreenList.h(49): message :         ]
F:\Game Engine Dev with C++\PantherEngine\PantherEngine\src\Engine\IGame.h(64,53): warning C4251:  'BookEngine::IGame::m_screenList': class 'std::unique_ptr<BookEngine::ScreenList,std::default_delete<_Ty>>' precisa ter dll-interface para ser usado por clientes de class 'BookEngine::IGame'
F:\Game Engine Dev with C++\PantherEngine\PantherEngine\src\Engine\IGame.h(64,53): warning C4251:         with
F:\Game Engine Dev with C++\PantherEngine\PantherEngine\src\Engine\IGame.h(64,53): warning C4251:         [
F:\Game Engine Dev with C++\PantherEngine\PantherEngine\src\Engine\IGame.h(64,53): warning C4251:             _Ty=BookEngine::ScreenList
F:\Game Engine Dev with C++\PantherEngine\PantherEngine\src\Engine\IGame.h(64,53): warning C4251:         ]
F:\Game Engine Dev with C++\PantherEngine\PantherEngine\src\Engine\IGame.h(64): message :  consulte a declaração de 'std::unique_ptr<BookEngine::ScreenList,std::default_delete<_Ty>>'
F:\Game Engine Dev with C++\PantherEngine\PantherEngine\src\Engine\IGame.h(64): message :         with
F:\Game Engine Dev with C++\PantherEngine\PantherEngine\src\Engine\IGame.h(64): message :         [
F:\Game Engine Dev with C++\PantherEngine\PantherEngine\src\Engine\IGame.h(64): message :             _Ty=BookEngine::ScreenList
F:\Game Engine Dev with C++\PantherEngine\PantherEngine\src\Engine\IGame.h(64): message :         ]
F:\Game Engine Dev with C++\PantherEngine\PantherEngine\src\Engine\IGame.h(66,18): warning C4251:  'BookEngine::IGame::m_window': class 'BookEngine::Window' precisa ter dll-interface para ser usado por clientes de class 'BookEngine::IGame'
F:\Game Engine Dev with C++\PantherEngine\PantherEngine\src\Engine\Window.h(36): message :  consulte a declaração de 'BookEngine::Window'
F:\Game Engine Dev with C++\PantherEngine\PantherEngine\src\Engine\IGame.h(67,30): warning C4251:  'BookEngine::IGame::m_inputManager': class 'BookEngine::InputManager' precisa ter dll-interface para ser usado por clientes de class 'BookEngine::IGame'
F:\Game Engine Dev with C++\PantherEngine\PantherEngine\src\Engine\InputManager.h(31): message :  consulte a declaração de 'BookEngine::InputManager'
F:\Game Engine Dev with C++\PantherEngine\PantherEngine\src\Engine\AudioManager.h(43,49): warning C4251:  'BookEngine::AudioManager::m_effectList': class 'std::map<std::string,Mix_Chunk *,std::less<_Kty>,std::allocator<std::pair<const _Kty,_Ty>>>' precisa ter dll-interface para ser usado por clientes de class 'BookEngine::AudioManager'
F:\Game Engine Dev with C++\PantherEngine\PantherEngine\src\Engine\AudioManager.h(43,49): warning C4251:         with
F:\Game Engine Dev with C++\PantherEngine\PantherEngine\src\Engine\AudioManager.h(43,49): warning C4251:         [
F:\Game Engine Dev with C++\PantherEngine\PantherEngine\src\Engine\AudioManager.h(43,49): warning C4251:             _Kty=std::string,
F:\Game Engine Dev with C++\PantherEngine\PantherEngine\src\Engine\AudioManager.h(43,49): warning C4251:             _Ty=Mix_Chunk *
F:\Game Engine Dev with C++\PantherEngine\PantherEngine\src\Engine\AudioManager.h(43,49): warning C4251:         ]
F:\Game Engine Dev with C++\PantherEngine\PantherEngine\src\Engine\AudioManager.h(43): message :  consulte a declaração de 'std::map<std::string,Mix_Chunk *,std::less<_Kty>,std::allocator<std::pair<const _Kty,_Ty>>>'
F:\Game Engine Dev with C++\PantherEngine\PantherEngine\src\Engine\AudioManager.h(43): message :         with
F:\Game Engine Dev with C++\PantherEngine\PantherEngine\src\Engine\AudioManager.h(43): message :         [
F:\Game Engine Dev with C++\PantherEngine\PantherEngine\src\Engine\AudioManager.h(43): message :             _Kty=std::string,
F:\Game Engine Dev with C++\PantherEngine\PantherEngine\src\Engine\AudioManager.h(43): message :             _Ty=Mix_Chunk *
F:\Game Engine Dev with C++\PantherEngine\PantherEngine\src\Engine\AudioManager.h(43): message :         ]
F:\Game Engine Dev with C++\PantherEngine\PantherEngine\src\Engine\AudioManager.h(44,48): warning C4251:  'BookEngine::AudioManager::m_musicList': class 'std::map<std::string,Mix_Music *,std::less<_Kty>,std::allocator<std::pair<const _Kty,_Ty>>>' precisa ter dll-interface para ser usado por clientes de class 'BookEngine::AudioManager'
F:\Game Engine Dev with C++\PantherEngine\PantherEngine\src\Engine\AudioManager.h(44,48): warning C4251:         with
F:\Game Engine Dev with C++\PantherEngine\PantherEngine\src\Engine\AudioManager.h(44,48): warning C4251:         [
F:\Game Engine Dev with C++\PantherEngine\PantherEngine\src\Engine\AudioManager.h(44,48): warning C4251:             _Kty=std::string,
F:\Game Engine Dev with C++\PantherEngine\PantherEngine\src\Engine\AudioManager.h(44,48): warning C4251:             _Ty=Mix_Music *
F:\Game Engine Dev with C++\PantherEngine\PantherEngine\src\Engine\AudioManager.h(44,48): warning C4251:         ]
  Main.cpp
F:\Game Engine Dev with C++\PantherEngine\PantherEngine\src\Engine\AudioManager.h(44): message :  consulte a declaração de 'std::map<std::string,Mix_Music *,std::less<_Kty>,std::allocator<std::pair<const _Kty,_Ty>>>'
F:\Game Engine Dev with C++\PantherEngine\PantherEngine\src\Engine\AudioManager.h(44): message :         with
F:\Game Engine Dev with C++\PantherEngine\PantherEngine\src\Engine\AudioManager.h(44): message :         [
F:\Game Engine Dev with C++\PantherEngine\PantherEngine\src\Engine\AudioManager.h(44): message :             _Kty=std::string,
F:\Game Engine Dev with C++\PantherEngine\PantherEngine\src\Engine\AudioManager.h(44): message :             _Ty=Mix_Music *
F:\Game Engine Dev with C++\PantherEngine\PantherEngine\src\Engine\AudioManager.h(44): message :         ]
F:\Game Engine Dev with C++\PantherEngine\PantherEngine\src\Engine\ScreenList.h(49,34): warning C4251:  'BookEngine::ScreenList::m_screens': class 'std::vector<BookEngine::IScreen *,std::allocator<_Ty>>' precisa ter dll-interface para ser usado por clientes de class 'BookEngine::ScreenList'
F:\Game Engine Dev with C++\PantherEngine\PantherEngine\src\Engine\ScreenList.h(49,34): warning C4251:         with
F:\Game Engine Dev with C++\PantherEngine\PantherEngine\src\Engine\ScreenList.h(49,34): warning C4251:         [
F:\Game Engine Dev with C++\PantherEngine\PantherEngine\src\Engine\ScreenList.h(49,34): warning C4251:             _Ty=BookEngine::IScreen *
F:\Game Engine Dev with C++\PantherEngine\PantherEngine\src\Engine\ScreenList.h(49,34): warning C4251:         ]
F:\Game Engine Dev with C++\PantherEngine\PantherEngine\src\Engine\ScreenList.h(49): message :  consulte a declaração de 'std::vector<BookEngine::IScreen *,std::allocator<_Ty>>'
F:\Game Engine Dev with C++\PantherEngine\PantherEngine\src\Engine\ScreenList.h(49): message :         with
F:\Game Engine Dev with C++\PantherEngine\PantherEngine\src\Engine\ScreenList.h(49): message :         [
F:\Game Engine Dev with C++\PantherEngine\PantherEngine\src\Engine\ScreenList.h(49): message :             _Ty=BookEngine::IScreen *
F:\Game Engine Dev with C++\PantherEngine\PantherEngine\src\Engine\ScreenList.h(49): message :         ]
F:\Game Engine Dev with C++\PantherEngine\PantherEngine\src\Engine\IGame.h(64,53): warning C4251:  'BookEngine::IGame::m_screenList': class 'std::unique_ptr<BookEngine::ScreenList,std::default_delete<_Ty>>' precisa ter dll-interface para ser usado por clientes de class 'BookEngine::IGame'
F:\Game Engine Dev with C++\PantherEngine\PantherEngine\src\Engine\IGame.h(64,53): warning C4251:         with
F:\Game Engine Dev with C++\PantherEngine\PantherEngine\src\Engine\IGame.h(64,53): warning C4251:         [
F:\Game Engine Dev with C++\PantherEngine\PantherEngine\src\Engine\IGame.h(64,53): warning C4251:             _Ty=BookEngine::ScreenList
F:\Game Engine Dev with C++\PantherEngine\PantherEngine\src\Engine\IGame.h(64,53): warning C4251:         ]
F:\Game Engine Dev with C++\PantherEngine\PantherEngine\src\Engine\IGame.h(64): message :  consulte a declaração de 'std::unique_ptr<BookEngine::ScreenList,std::default_delete<_Ty>>'
F:\Game Engine Dev with C++\PantherEngine\PantherEngine\src\Engine\IGame.h(64): message :         with
F:\Game Engine Dev with C++\PantherEngine\PantherEngine\src\Engine\IGame.h(64): message :         [
F:\Game Engine Dev with C++\PantherEngine\PantherEngine\src\Engine\IGame.h(64): message :             _Ty=BookEngine::ScreenList
F:\Game Engine Dev with C++\PantherEngine\PantherEngine\src\Engine\IGame.h(64): message :         ]
F:\Game Engine Dev with C++\PantherEngine\PantherEngine\src\Engine\IGame.h(66,18): warning C4251:  'BookEngine::IGame::m_window': class 'BookEngine::Window' precisa ter dll-interface para ser usado por clientes de class 'BookEngine::IGame'
F:\Game Engine Dev with C++\PantherEngine\PantherEngine\src\Engine\Window.h(36): message :  consulte a declaração de 'BookEngine::Window'
F:\Game Engine Dev with C++\PantherEngine\PantherEngine\src\Engine\IGame.h(67,30): warning C4251:  'BookEngine::IGame::m_inputManager': class 'BookEngine::InputManager' precisa ter dll-interface para ser usado por clientes de class 'BookEngine::IGame'
F:\Game Engine Dev with C++\PantherEngine\PantherEngine\src\Engine\InputManager.h(31): message :  consulte a declaração de 'BookEngine::InputManager'
F:\Game Engine Dev with C++\PantherEngine\PantherEngine\src\Engine\AudioManager.h(43,49): warning C4251:  'BookEngine::AudioManager::m_effectList': class 'std::map<std::string,Mix_Chunk *,std::less<_Kty>,std::allocator<std::pair<const _Kty,_Ty>>>' precisa ter dll-interface para ser usado por clientes de class 'BookEngine::AudioManager'
F:\Game Engine Dev with C++\PantherEngine\PantherEngine\src\Engine\AudioManager.h(43,49): warning C4251:         with
F:\Game Engine Dev with C++\PantherEngine\PantherEngine\src\Engine\AudioManager.h(43,49): warning C4251:         [
F:\Game Engine Dev with C++\PantherEngine\PantherEngine\src\Engine\AudioManager.h(43,49): warning C4251:             _Kty=std::string,
F:\Game Engine Dev with C++\PantherEngine\PantherEngine\src\Engine\AudioManager.h(43,49): warning C4251:             _Ty=Mix_Chunk *
F:\Game Engine Dev with C++\PantherEngine\PantherEngine\src\Engine\AudioManager.h(43,49): warning C4251:         ]
F:\Game Engine Dev with C++\PantherEngine\PantherEngine\src\Engine\AudioManager.h(43): message :  consulte a declaração de 'std::map<std::string,Mix_Chunk *,std::less<_Kty>,std::allocator<std::pair<const _Kty,_Ty>>>'
F:\Game Engine Dev with C++\PantherEngine\PantherEngine\src\Engine\AudioManager.h(43): message :         with
F:\Game Engine Dev with C++\PantherEngine\PantherEngine\src\Engine\AudioManager.h(43): message :         [
F:\Game Engine Dev with C++\PantherEngine\PantherEngine\src\Engine\AudioManager.h(43): message :             _Kty=std::string,
F:\Game Engine Dev with C++\PantherEngine\PantherEngine\src\Engine\AudioManager.h(43): message :             _Ty=Mix_Chunk *
F:\Game Engine Dev with C++\PantherEngine\PantherEngine\src\Engine\AudioManager.h(43): message :         ]
F:\Game Engine Dev with C++\PantherEngine\PantherEngine\src\Engine\AudioManager.h(44,48): warning C4251:  'BookEngine::AudioManager::m_musicList': class 'std::map<std::string,Mix_Music *,std::less<_Kty>,std::allocator<std::pair<const _Kty,_Ty>>>' precisa ter dll-interface para ser usado por clientes de class 'BookEngine::AudioManager'
F:\Game Engine Dev with C++\PantherEngine\PantherEngine\src\Engine\AudioManager.h(44,48): warning C4251:         with
F:\Game Engine Dev with C++\PantherEngine\PantherEngine\src\Engine\AudioManager.h(44,48): warning C4251:         [
F:\Game Engine Dev with C++\PantherEngine\PantherEngine\src\Engine\AudioManager.h(44,48): warning C4251:             _Kty=std::string,
F:\Game Engine Dev with C++\PantherEngine\PantherEngine\src\Engine\AudioManager.h(44,48): warning C4251:             _Ty=Mix_Music *
F:\Game Engine Dev with C++\PantherEngine\PantherEngine\src\Engine\AudioManager.h(44,48): warning C4251:         ]
  Gerando Código...
F:\Game Engine Dev with C++\PantherEngine\PantherEngine\src\Engine\AudioManager.h(44): message :  consulte a declaração de 'std::map<std::string,Mix_Music *,std::less<_Kty>,std::allocator<std::pair<const _Kty,_Ty>>>'
F:\Game Engine Dev with C++\PantherEngine\PantherEngine\src\Engine\AudioManager.h(44): message :         with
F:\Game Engine Dev with C++\PantherEngine\PantherEngine\src\Engine\AudioManager.h(44): message :         [
F:\Game Engine Dev with C++\PantherEngine\PantherEngine\src\Engine\AudioManager.h(44): message :             _Kty=std::string,
F:\Game Engine Dev with C++\PantherEngine\PantherEngine\src\Engine\AudioManager.h(44): message :             _Ty=Mix_Music *
F:\Game Engine Dev with C++\PantherEngine\PantherEngine\src\Engine\AudioManager.h(44): message :         ]
  ExampleApp.vcxproj -> F:\Game Engine Dev with C++\PantherEngine\bin\Debug-Win32\ExampleApp\ExampleApp.exe
